<?xml version="1.0" encoding="UTF-8"?>
<!-- Generated by org.testng.reporters.JUnitXMLReporter -->
<testsuite ignored="0" hostname="LAPTOP-NEGDCA0S" failures="0" tests="3" name="Default test" time="37.54" errors="0" timestamp="2025-07-16T10:58:40 IST">
  <testcase classname="com.crm.comcast.orgTest.CreateOrgTest" name="CreateOrgWithPhoneNumberTest" time="5.199"/>
  <testcase classname="com.crm.comcast.orgTest.CreateOrgTest" name="CreateOrganizationWithIndustriesTest" time="6.709"/>
  <testcase classname="com.crm.comcast.orgTest.CreateOrgTest" name="createOrgTest" time="6.024"/>
</testsuite> <!-- Default test -->
